  main.cpp
c:\users\廖冠凱\desktop\nightcardetected\packages\opencvcontrib.3.1.0\build\native\include\opencv2\core\mat.hpp(1955): warning C4819: The file contains a character that cannot be represented in the current code page (950). Save the file in Unicode format to prevent data loss
c:\users\廖冠凱\desktop\nightcardetected\packages\opencvcontrib.3.1.0\build\native\include\opencv2\core\persistence.hpp : warning C4819: The file contains a character that cannot be represented in the current code page (950). Save the file in Unicode format to prevent data loss
c:\users\廖冠凱\desktop\nightcardetected\packages\opencvcontrib.3.1.0\build\native\include\opencv2\core\utility.hpp : warning C4819: The file contains a character that cannot be represented in the current code page (950). Save the file in Unicode format to prevent data loss
c:\users\廖冠凱\desktop\nightcardetected\packages\opencvcontrib.3.1.0\build\native\include\opencv2\core\utility.hpp : warning C4819: The file contains a character that cannot be represented in the current code page (950). Save the file in Unicode format to prevent data loss
c:\users\廖冠凱\desktop\nightcardetected\nightcardetected\main.cpp(72): warning C4018: '<': signed/unsigned mismatch
c:\users\廖冠凱\desktop\nightcardetected\nightcardetected\main.cpp(74): warning C4018: '<': signed/unsigned mismatch
c:\users\廖冠凱\desktop\nightcardetected\nightcardetected\main.cpp(101): warning C4244: '=': conversion from 'double' to 'int', possible loss of data
c:\users\廖冠凱\desktop\nightcardetected\nightcardetected\main.cpp(89): warning C4715: 'thresholdValue': not all control paths return a value
main.obj : error LNK2019: unresolved external symbol "void __cdecl cv::fastFree(void *)" (?fastFree@cv@@YAXPAX@Z) referenced in function "public: __thiscall cv::Mat::~Mat(void)" (??1Mat@cv@@QAE@XZ)
main.obj : error LNK2019: unresolved external symbol "private: char * __thiscall cv::String::allocate(unsigned int)" (?allocate@String@cv@@AAEPADI@Z) referenced in function "public: __thiscall cv::String::String(class std::basic_string<char,struct std::char_traits<char>,class std::allocator<char> > const &)" (??0String@cv@@QAE@ABV?$basic_string@DU?$char_traits@D@std@@V?$allocator@D@2@@std@@@Z)
main.obj : error LNK2019: unresolved external symbol "private: void __thiscall cv::String::deallocate(void)" (?deallocate@String@cv@@AAEXXZ) referenced in function "public: __thiscall cv::String::~String(void)" (??1String@cv@@QAE@XZ)
main.obj : error LNK2019: unresolved external symbol "void __cdecl cv::error(int,class cv::String const &,char const *,char const *,int)" (?error@cv@@YAXHABVString@1@PBD1H@Z) referenced in function "public: unsigned char & __thiscall cv::Mat::at<unsigned char>(int,int)" (??$at@E@Mat@cv@@QAEAAEHH@Z)
main.obj : error LNK2019: unresolved external symbol "public: __thiscall cv::Mat::Mat(class cv::Mat const &,class cv::Rect_<int> const &)" (??0Mat@cv@@QAE@ABV01@ABV?$Rect_@H@1@@Z) referenced in function "public: class cv::Mat __thiscall cv::Mat::operator()(class cv::Rect_<int> const &)const " (??RMat@cv@@QBE?AV01@ABV?$Rect_@H@1@@Z)
main.obj : error LNK2019: unresolved external symbol "public: void __thiscall cv::Mat::copyTo(class cv::_OutputArray const &)const " (?copyTo@Mat@cv@@QBEXABV_OutputArray@2@@Z) referenced in function "public: class cv::Mat __thiscall cv::Mat::clone(void)const " (?clone@Mat@cv@@QBE?AV12@XZ)
main.obj : error LNK2019: unresolved external symbol "public: void __thiscall cv::Mat::deallocate(void)" (?deallocate@Mat@cv@@QAEXXZ) referenced in function "public: void __thiscall cv::Mat::release(void)" (?release@Mat@cv@@QAEXXZ)
main.obj : error LNK2019: unresolved external symbol "public: __thiscall cv::VideoCapture::VideoCapture(class cv::String const &)" (??0VideoCapture@cv@@QAE@ABVString@1@@Z) referenced in function _main
main.obj : error LNK2019: unresolved external symbol "public: virtual __thiscall cv::VideoCapture::~VideoCapture(void)" (??1VideoCapture@cv@@UAE@XZ) referenced in function _main
main.obj : error LNK2019: unresolved external symbol "public: virtual bool __thiscall cv::VideoCapture::isOpened(void)const " (?isOpened@VideoCapture@cv@@UBE_NXZ) referenced in function _main
main.obj : error LNK2019: unresolved external symbol "public: virtual double __thiscall cv::VideoCapture::get(int)const " (?get@VideoCapture@cv@@UBENH@Z) referenced in function _main
main.obj : error LNK2019: unresolved external symbol "int __cdecl cv::waitKey(int)" (?waitKey@cv@@YAHH@Z) referenced in function _main
main.obj : error LNK2019: unresolved external symbol "void __cdecl cv::imshow(class cv::String const &,class cv::_InputArray const &)" (?imshow@cv@@YAXABVString@1@ABV_InputArray@1@@Z) referenced in function "void __cdecl removeNoice(class cv::Mat)" (?removeNoice@@YAXVMat@cv@@@Z)
main.obj : error LNK2019: unresolved external symbol "class cv::Mat __cdecl cv::getStructuringElement(int,class cv::Size_<int>,class cv::Point_<int>)" (?getStructuringElement@cv@@YA?AVMat@1@HV?$Size_@H@1@V?$Point_@H@1@@Z) referenced in function "void __cdecl removeNoice(class cv::Mat)" (?removeNoice@@YAXVMat@cv@@@Z)
main.obj : error LNK2019: unresolved external symbol "void __cdecl cv::erode(class cv::_InputArray const &,class cv::_OutputArray const &,class cv::_InputArray const &,class cv::Point_<int>,int,int,class cv::Scalar_<double> const &)" (?erode@cv@@YAXABV_InputArray@1@ABV_OutputArray@1@0V?$Point_@H@1@HHABV?$Scalar_@N@1@@Z) referenced in function "void __cdecl detectLight(class cv::Mat &,class cv::Rect_<int>)" (?detectLight@@YAXAAVMat@cv@@V?$Rect_@H@2@@Z)
main.obj : error LNK2019: unresolved external symbol "double __cdecl cv::threshold(class cv::_InputArray const &,class cv::_OutputArray const &,double,double,int)" (?threshold@cv@@YANABV_InputArray@1@ABV_OutputArray@1@NNH@Z) referenced in function "void __cdecl detectLight(class cv::Mat &,class cv::Rect_<int>)" (?detectLight@@YAXAAVMat@cv@@V?$Rect_@H@2@@Z)
main.obj : error LNK2019: unresolved external symbol "void __cdecl cv::cvtColor(class cv::_InputArray const &,class cv::_OutputArray const &,int,int)" (?cvtColor@cv@@YAXABV_InputArray@1@ABV_OutputArray@1@HH@Z) referenced in function _main
C:\Users\廖冠凱\Desktop\NightCarDetected\Debug\NightCarDetected.exe : fatal error LNK1120: 17 unresolved externals
